0 info it worked if it ends with ok
1 verbose cli [ 'D:\\practice\\node.exe',
1 verbose cli   'D:\\practice\\node_modules\\npm\\bin\\npm-cli.js',
1 verbose cli   'run',
1 verbose cli   'build:dev' ]
2 info using npm@3.10.10
3 info using node@v6.11.0
4 verbose run-script [ 'prebuild:dev', 'build:dev', 'postbuild:dev' ]
5 info lifecycle test-project@1.0.0~prebuild:dev: test-project@1.0.0
6 silly lifecycle test-project@1.0.0~prebuild:dev: no script for prebuild:dev, continuing
7 info lifecycle test-project@1.0.0~build:dev: test-project@1.0.0
8 verbose lifecycle test-project@1.0.0~build:dev: unsafe-perm in lifecycle true
9 verbose lifecycle test-project@1.0.0~build:dev: PATH: D:\practice\node_modules\npm\bin\node-gyp-bin;D:\nodeJs\tests-master\tests-master\node_modules\.bin;C:\Users\Nanditha\AppData\Roaming\npm;D:\practice\;C:\WINDOWS\system32;C:\WINDOWS;C:\WINDOWS\System32\Wbem;C:\WINDOWS\System32\WindowsPowerShell\v1.0\;D:\practice\;C:\Program Files (x86)\Brackets\command;C:\WINDOWS\System32\OpenSSH\;C:\Program Files\Git\cmd;C:\Users\Nanditha\AppData\Roaming\npm;C:\Users\Nanditha\AppData\Local\Microsoft\WindowsApps;;C:\Program Files\Microsoft VS Code\bin
10 verbose lifecycle test-project@1.0.0~build:dev: CWD: D:\nodeJs\tests-master\tests-master
11 silly lifecycle test-project@1.0.0~build:dev: Args: [ '/d /s /c', 'npm run build:base -- --mode=development' ]
12 silly lifecycle test-project@1.0.0~build:dev: Returned: code: 1  signal: null
13 info lifecycle test-project@1.0.0~build:dev: Failed to exec build:dev script
14 verbose stack Error: test-project@1.0.0 build:dev: `npm run build:base -- --mode=development`
14 verbose stack Exit status 1
14 verbose stack     at EventEmitter.<anonymous> (D:\practice\node_modules\npm\lib\utils\lifecycle.js:255:16)
14 verbose stack     at emitTwo (events.js:106:13)
14 verbose stack     at EventEmitter.emit (events.js:191:7)
14 verbose stack     at ChildProcess.<anonymous> (D:\practice\node_modules\npm\lib\utils\spawn.js:40:14)
14 verbose stack     at emitTwo (events.js:106:13)
14 verbose stack     at ChildProcess.emit (events.js:191:7)
14 verbose stack     at maybeClose (internal/child_process.js:891:16)
14 verbose stack     at Process.ChildProcess._handle.onexit (internal/child_process.js:226:5)
15 verbose pkgid test-project@1.0.0
16 verbose cwd D:\nodeJs\tests-master\tests-master
17 error Windows_NT 10.0.17134
18 error argv "D:\\practice\\node.exe" "D:\\practice\\node_modules\\npm\\bin\\npm-cli.js" "run" "build:dev"
19 error node v6.11.0
20 error npm  v3.10.10
21 error code ELIFECYCLE
22 error test-project@1.0.0 build:dev: `npm run build:base -- --mode=development`
22 error Exit status 1
23 error Failed at the test-project@1.0.0 build:dev script 'npm run build:base -- --mode=development'.
23 error Make sure you have the latest version of node.js and npm installed.
23 error If you do, this is most likely a problem with the test-project package,
23 error not with npm itself.
23 error Tell the author that this fails on your system:
23 error     npm run build:base -- --mode=development
23 error You can get information on how to open an issue for this project with:
23 error     npm bugs test-project
23 error Or if that isn't available, you can get their info via:
23 error     npm owner ls test-project
23 error There is likely additional logging output above.
24 verbose exit [ 1, true ]
